
*** Running vivado
    with args -log top.vds -m64 -product Vivado -mode batch -messageDb vivado.pb -notrace -source top.tcl



****** Vivado v2022.2 (64-bit)
  **** SW Build 3671981 on Fri Oct 14 05:00:03 MDT 2022
  **** IP Build 3669848 on Fri Oct 14 08:30:02 MDT 2022
    ** Copyright 1986-2022 Xilinx, Inc. All Rights Reserved.

source top.tcl -notrace
create_project: Time (s): cpu = 00:00:03 ; elapsed = 00:00:05 . Memory (MB): peak = 380.902 ; gain = 64.637
Command: read_checkpoint -auto_incremental -incremental C:/Xilinx/DigitalSystem/LAB5_VGA/LAB5_VGA.srcs/utils_1/imports/synth_1/top.dcp
INFO: [Vivado 12-5825] Read reference checkpoint from C:/Xilinx/DigitalSystem/LAB5_VGA/LAB5_VGA.srcs/utils_1/imports/synth_1/top.dcp for incremental synthesis
INFO: [Vivado 12-7989] Please ensure there are no constraint changes
Command: synth_design -top top -part xc7z020clg484-1
Starting synth_design
INFO: [IP_Flow 19-2162] IP 'clk_wiz_0' is locked:
* This IP has board specific outputs. Current project board 'unset' and the board 'avnet.com:zedboard:part0:1.4' used to customize the IP 'clk_wiz_0' do not match.
Attempting to get a license for feature 'Synthesis' and/or device 'xc7z020'
INFO: [Common 17-349] Got license for feature 'Synthesis' and/or device 'xc7z020'
INFO: [Device 21-403] Loading part xc7z020clg484-1
INFO: [Designutils 20-5440] No compile time benefit to using incremental synthesis; A full resynthesis will be run
INFO: [Designutils 20-4379] Flow is switching to default flow due to incremental criteria not met. If you would like to alter this behaviour and have the flow terminate instead, please set the following parameter config_implementation {autoIncr.Synth.RejectBehavior Terminate}
INFO: [Synth 8-7079] Multithreading enabled for synth_design using a maximum of 2 processes.
INFO: [Synth 8-7078] Launching helper process for spawning children vivado processes
INFO: [Synth 8-7075] Helper process launched with PID 16684
INFO: [Synth 8-11241] undeclared symbol 'REGCCE', assumed default net type 'wire' [C:/Xilinx/Vivado/2022.2/data/verilog/src/unimacro/BRAM_SINGLE_MACRO.v:2170]
---------------------------------------------------------------------------------
Starting RTL Elaboration : Time (s): cpu = 00:00:02 ; elapsed = 00:00:05 . Memory (MB): peak = 1229.523 ; gain = 407.539
---------------------------------------------------------------------------------
INFO: [Synth 8-6157] synthesizing module 'top' [C:/Xilinx/DigitalSystem/LAB5_VGA/LAB5_VGA.srcs/sources_1/new/top.v:3]
INFO: [Synth 8-6157] synthesizing module 'clk_wiz_0' [C:/Xilinx/DigitalSystem/LAB5_VGA/LAB5_VGA.runs/synth_1/.Xil/Vivado-1496-TeddyLaptop/realtime/clk_wiz_0_stub.v:5]
INFO: [Synth 8-6155] done synthesizing module 'clk_wiz_0' (0#1) [C:/Xilinx/DigitalSystem/LAB5_VGA/LAB5_VGA.runs/synth_1/.Xil/Vivado-1496-TeddyLaptop/realtime/clk_wiz_0_stub.v:5]
INFO: [Synth 8-6157] synthesizing module 'keypad' [C:/Xilinx/DigitalSystem/LAB5_VGA/LAB5_VGA.srcs/sources_1/new/keypad.v:1]
	Parameter CLK_KHZ bound to: 25175 - type: integer 
INFO: [Synth 8-6155] done synthesizing module 'keypad' (0#1) [C:/Xilinx/DigitalSystem/LAB5_VGA/LAB5_VGA.srcs/sources_1/new/keypad.v:1]
INFO: [Synth 8-6157] synthesizing module 'debounce' [C:/Xilinx/DigitalSystem/LAB5_VGA/LAB5_VGA.srcs/sources_1/new/debounce.v:1]
	Parameter SIZE bound to: 16 - type: integer 
	Parameter BTN_WIDTH bound to: 5 - type: integer 
INFO: [Synth 8-6155] done synthesizing module 'debounce' (0#1) [C:/Xilinx/DigitalSystem/LAB5_VGA/LAB5_VGA.srcs/sources_1/new/debounce.v:1]
INFO: [Synth 8-6157] synthesizing module 'graph_mod' [C:/Xilinx/DigitalSystem/LAB5_VGA/LAB5_VGA.srcs/sources_1/new/graph_mod.v:3]
INFO: [Synth 8-6155] done synthesizing module 'graph_mod' (0#1) [C:/Xilinx/DigitalSystem/LAB5_VGA/LAB5_VGA.srcs/sources_1/new/graph_mod.v:3]
INFO: [Synth 8-6157] synthesizing module 'sync_mod' [C:/Xilinx/DigitalSystem/LAB5_VGA/LAB5_VGA.srcs/sources_1/new/sync_mod.v:3]
INFO: [Synth 8-6155] done synthesizing module 'sync_mod' (0#1) [C:/Xilinx/DigitalSystem/LAB5_VGA/LAB5_VGA.srcs/sources_1/new/sync_mod.v:3]
INFO: [Synth 8-6155] done synthesizing module 'top' (0#1) [C:/Xilinx/DigitalSystem/LAB5_VGA/LAB5_VGA.srcs/sources_1/new/top.v:3]
WARNING: [Synth 8-7129] Port key[4] in module graph_mod is either unconnected or has no load
WARNING: [Synth 8-7129] Port key[3] in module graph_mod is either unconnected or has no load
WARNING: [Synth 8-7129] Port key[2] in module graph_mod is either unconnected or has no load
WARNING: [Synth 8-7129] Port key[1] in module graph_mod is either unconnected or has no load
WARNING: [Synth 8-7129] Port key[0] in module graph_mod is either unconnected or has no load
WARNING: [Synth 8-7129] Port key_pulse[4] in module graph_mod is either unconnected or has no load
WARNING: [Synth 8-7129] Port key_pulse[3] in module graph_mod is either unconnected or has no load
WARNING: [Synth 8-7129] Port key_pulse[2] in module graph_mod is either unconnected or has no load
WARNING: [Synth 8-7129] Port key_pulse[1] in module graph_mod is either unconnected or has no load
WARNING: [Synth 8-7129] Port key_pulse[0] in module graph_mod is either unconnected or has no load
WARNING: [Synth 8-7129] Port btn[1] in module top is either unconnected or has no load
WARNING: [Synth 8-7129] Port btn[0] in module top is either unconnected or has no load
---------------------------------------------------------------------------------
Finished RTL Elaboration : Time (s): cpu = 00:00:03 ; elapsed = 00:00:07 . Memory (MB): peak = 1322.953 ; gain = 500.969
---------------------------------------------------------------------------------
---------------------------------------------------------------------------------
Start Handling Custom Attributes
---------------------------------------------------------------------------------
---------------------------------------------------------------------------------
Finished Handling Custom Attributes : Time (s): cpu = 00:00:03 ; elapsed = 00:00:07 . Memory (MB): peak = 1322.953 ; gain = 500.969
---------------------------------------------------------------------------------
---------------------------------------------------------------------------------
Finished RTL Optimization Phase 1 : Time (s): cpu = 00:00:03 ; elapsed = 00:00:07 . Memory (MB): peak = 1322.953 ; gain = 500.969
---------------------------------------------------------------------------------
Netlist sorting complete. Time (s): cpu = 00:00:00 ; elapsed = 00:00:00.005 . Memory (MB): peak = 1322.953 ; gain = 0.000
INFO: [Project 1-570] Preparing netlist for logic optimization

Processing XDC Constraints
Initializing timing engine
Parsing XDC File [c:/Xilinx/DigitalSystem/LAB5_VGA/LAB5_VGA.gen/sources_1/ip/clk_wiz_0/clk_wiz_0/clk_wiz_0_in_context.xdc] for cell 'clk_inst'
Finished Parsing XDC File [c:/Xilinx/DigitalSystem/LAB5_VGA/LAB5_VGA.gen/sources_1/ip/clk_wiz_0/clk_wiz_0/clk_wiz_0_in_context.xdc] for cell 'clk_inst'
Parsing XDC File [C:/Xilinx/DigitalSystem/LAB5_VGA/LAB5_VGA.srcs/constrs_1/new/top.xdc]
Finished Parsing XDC File [C:/Xilinx/DigitalSystem/LAB5_VGA/LAB5_VGA.srcs/constrs_1/new/top.xdc]
INFO: [Project 1-236] Implementation specific constraints were found while reading constraint file [C:/Xilinx/DigitalSystem/LAB5_VGA/LAB5_VGA.srcs/constrs_1/new/top.xdc]. These constraints will be ignored for synthesis but will be used in implementation. Impacted constraints are listed in the file [.Xil/top_propImpl.xdc].
Resolution: To avoid this warning, move constraints listed in [.Xil/top_propImpl.xdc] to another XDC file and exclude this new file from synthesis with the used_in_synthesis property (File Properties dialog in GUI) and re-run elaboration/synthesis.
Completed Processing XDC Constraints

Netlist sorting complete. Time (s): cpu = 00:00:00 ; elapsed = 00:00:00 . Memory (MB): peak = 1374.766 ; gain = 0.000
INFO: [Project 1-111] Unisim Transformation Summary:
No Unisim elements were transformed.

Constraint Validation Runtime : Time (s): cpu = 00:00:00 ; elapsed = 00:00:00.005 . Memory (MB): peak = 1374.766 ; gain = 0.000
INFO: [Designutils 20-5440] No compile time benefit to using incremental synthesis; A full resynthesis will be run
INFO: [Designutils 20-4379] Flow is switching to default flow due to incremental criteria not met. If you would like to alter this behaviour and have the flow terminate instead, please set the following parameter config_implementation {autoIncr.Synth.RejectBehavior Terminate}
INFO: [Synth 8-11241] undeclared symbol 'REGCCE', assumed default net type 'wire' [C:/Xilinx/Vivado/2022.2/data/verilog/src/unimacro/BRAM_SINGLE_MACRO.v:2170]
---------------------------------------------------------------------------------
Finished Constraint Validation : Time (s): cpu = 00:00:07 ; elapsed = 00:00:14 . Memory (MB): peak = 1374.766 ; gain = 552.781
---------------------------------------------------------------------------------
---------------------------------------------------------------------------------
Start Loading Part and Timing Information
---------------------------------------------------------------------------------
Loading part: xc7z020clg484-1
---------------------------------------------------------------------------------
Finished Loading Part and Timing Information : Time (s): cpu = 00:00:07 ; elapsed = 00:00:14 . Memory (MB): peak = 1374.766 ; gain = 552.781
---------------------------------------------------------------------------------
---------------------------------------------------------------------------------
Start Applying 'set_property' XDC Constraints
---------------------------------------------------------------------------------
Applied set_property IO_BUFFER_TYPE = NONE for clk_100mhz. (constraint file  c:/Xilinx/DigitalSystem/LAB5_VGA/LAB5_VGA.gen/sources_1/ip/clk_wiz_0/clk_wiz_0/clk_wiz_0_in_context.xdc, line 3).
Applied set_property CLOCK_BUFFER_TYPE = NONE for clk_100mhz. (constraint file  c:/Xilinx/DigitalSystem/LAB5_VGA/LAB5_VGA.gen/sources_1/ip/clk_wiz_0/clk_wiz_0/clk_wiz_0_in_context.xdc, line 4).
Applied set_property KEEP_HIERARCHY = SOFT for clk_inst. (constraint file  auto generated constraint).
---------------------------------------------------------------------------------
Finished applying 'set_property' XDC Constraints : Time (s): cpu = 00:00:07 ; elapsed = 00:00:14 . Memory (MB): peak = 1374.766 ; gain = 552.781
---------------------------------------------------------------------------------
---------------------------------------------------------------------------------
Finished RTL Optimization Phase 2 : Time (s): cpu = 00:00:07 ; elapsed = 00:00:14 . Memory (MB): peak = 1374.766 ; gain = 552.781
---------------------------------------------------------------------------------
---------------------------------------------------------------------------------
Start RTL Component Statistics 
---------------------------------------------------------------------------------
Detailed RTL Component Info : 
+---Adders : 
	   2 Input   32 Bit       Adders := 1     
	   2 Input   11 Bit       Adders := 1     
	   2 Input   10 Bit       Adders := 3     
+---Registers : 
	               10 Bit    Registers := 3     
	                5 Bit    Registers := 5     
	                4 Bit    Registers := 1     
	                1 Bit    Registers := 1     
+---Muxes : 
	  10 Input   32 Bit        Muxes := 1     
	   2 Input   32 Bit        Muxes := 1     
	   2 Input   10 Bit        Muxes := 2     
	   4 Input    5 Bit        Muxes := 4     
	   5 Input    5 Bit        Muxes := 1     
	   2 Input    5 Bit        Muxes := 1     
	   4 Input    4 Bit        Muxes := 1     
	   2 Input    4 Bit        Muxes := 4     
	  10 Input    4 Bit        Muxes := 1     
	   5 Input    3 Bit        Muxes := 1     
	   2 Input    3 Bit        Muxes := 1     
	   4 Input    2 Bit        Muxes := 1     
	   8 Input    1 Bit        Muxes := 1     
	   2 Input    1 Bit        Muxes := 7     
	   4 Input    1 Bit        Muxes := 2     
	  10 Input    1 Bit        Muxes := 2     
	   5 Input    1 Bit        Muxes := 1     
---------------------------------------------------------------------------------
Finished RTL Component Statistics 
---------------------------------------------------------------------------------
---------------------------------------------------------------------------------
Start Part Resource Summary
---------------------------------------------------------------------------------
Part Resources:
DSPs: 220 (col length:60)
BRAMs: 280 (col length: RAMB18 60 RAMB36 30)
---------------------------------------------------------------------------------
Finished Part Resource Summary
---------------------------------------------------------------------------------
---------------------------------------------------------------------------------
Start Cross Boundary and Area Optimization
---------------------------------------------------------------------------------
WARNING: [Synth 8-7080] Parallel synthesis criteria is not met
WARNING: [Synth 8-7129] Port btn[1] in module top is either unconnected or has no load
WARNING: [Synth 8-7129] Port btn[0] in module top is either unconnected or has no load
---------------------------------------------------------------------------------
Finished Cross Boundary and Area Optimization : Time (s): cpu = 00:00:09 ; elapsed = 00:00:18 . Memory (MB): peak = 1374.766 ; gain = 552.781
---------------------------------------------------------------------------------
---------------------------------------------------------------------------------
Start Applying XDC Timing Constraints
---------------------------------------------------------------------------------
---------------------------------------------------------------------------------
Finished Applying XDC Timing Constraints : Time (s): cpu = 00:00:13 ; elapsed = 00:00:24 . Memory (MB): peak = 1374.766 ; gain = 552.781
---------------------------------------------------------------------------------
---------------------------------------------------------------------------------
Start Timing Optimization
---------------------------------------------------------------------------------
---------------------------------------------------------------------------------
Finished Timing Optimization : Time (s): cpu = 00:00:14 ; elapsed = 00:00:25 . Memory (MB): peak = 1374.766 ; gain = 552.781
---------------------------------------------------------------------------------
---------------------------------------------------------------------------------
Start Technology Mapping
---------------------------------------------------------------------------------
---------------------------------------------------------------------------------
Finished Technology Mapping : Time (s): cpu = 00:00:14 ; elapsed = 00:00:26 . Memory (MB): peak = 1374.766 ; gain = 552.781
---------------------------------------------------------------------------------
---------------------------------------------------------------------------------
Start IO Insertion
---------------------------------------------------------------------------------
---------------------------------------------------------------------------------
Start Flattening Before IO Insertion
---------------------------------------------------------------------------------
---------------------------------------------------------------------------------
Finished Flattening Before IO Insertion
---------------------------------------------------------------------------------
---------------------------------------------------------------------------------
Start Final Netlist Cleanup
---------------------------------------------------------------------------------
---------------------------------------------------------------------------------
Finished Final Netlist Cleanup
---------------------------------------------------------------------------------
---------------------------------------------------------------------------------
Finished IO Insertion : Time (s): cpu = 00:00:17 ; elapsed = 00:00:30 . Memory (MB): peak = 1374.766 ; gain = 552.781
---------------------------------------------------------------------------------
---------------------------------------------------------------------------------
Start Renaming Generated Instances
---------------------------------------------------------------------------------
---------------------------------------------------------------------------------
Finished Renaming Generated Instances : Time (s): cpu = 00:00:17 ; elapsed = 00:00:30 . Memory (MB): peak = 1374.766 ; gain = 552.781
---------------------------------------------------------------------------------
---------------------------------------------------------------------------------
Start Rebuilding User Hierarchy
---------------------------------------------------------------------------------
---------------------------------------------------------------------------------
Finished Rebuilding User Hierarchy : Time (s): cpu = 00:00:17 ; elapsed = 00:00:30 . Memory (MB): peak = 1374.766 ; gain = 552.781
---------------------------------------------------------------------------------
---------------------------------------------------------------------------------
Start Renaming Generated Ports
---------------------------------------------------------------------------------
---------------------------------------------------------------------------------
Finished Renaming Generated Ports : Time (s): cpu = 00:00:17 ; elapsed = 00:00:30 . Memory (MB): peak = 1374.766 ; gain = 552.781
---------------------------------------------------------------------------------
---------------------------------------------------------------------------------
Start Handling Custom Attributes
---------------------------------------------------------------------------------
---------------------------------------------------------------------------------
Finished Handling Custom Attributes : Time (s): cpu = 00:00:17 ; elapsed = 00:00:30 . Memory (MB): peak = 1374.766 ; gain = 552.781
---------------------------------------------------------------------------------
---------------------------------------------------------------------------------
Start Renaming Generated Nets
---------------------------------------------------------------------------------
---------------------------------------------------------------------------------
Finished Renaming Generated Nets : Time (s): cpu = 00:00:17 ; elapsed = 00:00:30 . Memory (MB): peak = 1374.766 ; gain = 552.781
---------------------------------------------------------------------------------
---------------------------------------------------------------------------------
Start Writing Synthesis Report
---------------------------------------------------------------------------------

Report BlackBoxes: 
+------+--------------+----------+
|      |BlackBox name |Instances |
+------+--------------+----------+
|1     |clk_wiz_0     |         1|
+------+--------------+----------+

Report Cell Usage: 
+------+--------+------+
|      |Cell    |Count |
+------+--------+------+
|1     |clk_wiz |     1|
|2     |CARRY4  |    12|
|3     |LUT1    |     3|
|4     |LUT2    |    18|
|5     |LUT3    |    12|
|6     |LUT4    |    24|
|7     |LUT5    |    30|
|8     |LUT6    |    78|
|9     |FDCE    |    64|
|10    |IBUF    |     1|
|11    |OBUF    |    18|
+------+--------+------+
---------------------------------------------------------------------------------
Finished Writing Synthesis Report : Time (s): cpu = 00:00:17 ; elapsed = 00:00:30 . Memory (MB): peak = 1374.766 ; gain = 552.781
---------------------------------------------------------------------------------
Synthesis finished with 0 errors, 0 critical warnings and 3 warnings.
Synthesis Optimization Runtime : Time (s): cpu = 00:00:13 ; elapsed = 00:00:28 . Memory (MB): peak = 1374.766 ; gain = 500.969
Synthesis Optimization Complete : Time (s): cpu = 00:00:17 ; elapsed = 00:00:30 . Memory (MB): peak = 1374.766 ; gain = 552.781
INFO: [Project 1-571] Translating synthesized netlist
Netlist sorting complete. Time (s): cpu = 00:00:00 ; elapsed = 00:00:00.002 . Memory (MB): peak = 1381.477 ; gain = 0.000
INFO: [Netlist 29-17] Analyzing 12 Unisim elements for replacement
INFO: [Netlist 29-28] Unisim Transformation completed in 0 CPU seconds
INFO: [Project 1-570] Preparing netlist for logic optimization
INFO: [Opt 31-138] Pushed 0 inverter(s) to 0 load pin(s).
Netlist sorting complete. Time (s): cpu = 00:00:00 ; elapsed = 00:00:00 . Memory (MB): peak = 1389.098 ; gain = 0.000
INFO: [Project 1-111] Unisim Transformation Summary:
No Unisim elements were transformed.

Synth Design complete, checksum: 969a795c
INFO: [Common 17-83] Releasing license: Synthesis
36 Infos, 15 Warnings, 0 Critical Warnings and 0 Errors encountered.
synth_design completed successfully
synth_design: Time (s): cpu = 00:00:21 ; elapsed = 00:00:36 . Memory (MB): peak = 1389.098 ; gain = 972.430
INFO: [Common 17-1381] The checkpoint 'C:/Xilinx/DigitalSystem/LAB5_VGA/LAB5_VGA.runs/synth_1/top.dcp' has been generated.
INFO: [runtcl-4] Executing : report_utilization -file top_utilization_synth.rpt -pb top_utilization_synth.pb
INFO: [Common 17-206] Exiting Vivado at Thu Nov 16 13:09:47 2023...
